#
# There is insufficient memory for the Java Runtime Environment to continue.
# Native memory allocation (malloc) failed to allocate 2855696 bytes for Chunk::new
# Possible reasons:
#   The system is out of physical RAM or swap space
#   In 32 bit mode, the process size limit was hit
# Possible solutions:
#   Reduce memory load on the system
#   Increase physical memory or swap space
#   Check if swap backing store is full
#   Use 64 bit Java on a 64 bit OS
#   Decrease Java heap size (-Xmx/-Xms)
#   Decrease number of Java threads
#   Decrease Java thread stack sizes (-Xss)
#   Set larger code cache with -XX:ReservedCodeCacheSize=
# This output file may be truncated or incomplete.
#
#  Out of Memory Error (allocation.cpp:390), pid=9376, tid=0x000000000000237c
#
# JRE version: OpenJDK Runtime Environment (8.0_152-b02) (build 1.8.0_152-release-1024-b02)
# Java VM: OpenJDK 64-Bit Server VM (25.152-b02 mixed mode windows-amd64 compressed oops)
# Failed to write core dump. Minidumps are not enabled by default on client versions of Windows
#

---------------  T H R E A D  ---------------

Current thread (0x0000000016a1b800):  JavaThread "C2 CompilerThread1" daemon [_thread_in_native, id=9084, stack(0x0000000018430000,0x0000000018530000)]

Stack: [0x0000000018430000,0x0000000018530000]
[error occurred during error reporting (printing stack bounds), id 0xc0000005]

Native frames: (J=compiled Java code, j=interpreted, Vv=VM code, C=native code)


Current CompileTask:
C2:  77584 6147       4       org.gradle.model.internal.type.ModelType::wrap (219 bytes)


---------------  P R O C E S S  ---------------

Java Threads: ( => current thread )
  0x000000001af3a000 JavaThread "Memory manager" [_thread_blocked, id=14856, stack(0x0000000020f30000,0x0000000021030000)]
  0x000000001b675000 JavaThread "Build operations Thread 4" [_thread_blocked, id=21256, stack(0x0000000020830000,0x0000000020930000)]
  0x000000001b672000 JavaThread "Build operations Thread 3" [_thread_blocked, id=16868, stack(0x0000000020730000,0x0000000020830000)]
  0x000000001b674800 JavaThread "Build operations Thread 2" [_thread_blocked, id=8652, stack(0x0000000020630000,0x0000000020730000)]
  0x000000001b673000 JavaThread "Build operations" [_thread_blocked, id=17316, stack(0x00000000200d0000,0x00000000201d0000)]
  0x000000001b676000 JavaThread "Cache worker for Artifact transforms cache (C:\Users\deg98\.gradle\caches\transforms-1)" [_thread_blocked, id=9168, stack(0x000000001fcd0000,0x000000001fdd0000)]
  0x0000000018c4b800 JavaThread "Cache worker for file hash cache (E:\0_Prography\Android_Study\AndroidProjects\1006_bibly\.gradle\4.6\fileHashes)" [_thread_blocked, id=7520, stack(0x000000001e7b0000,0x000000001e8b0000)]
  0x000000001cb54800 JavaThread "File lock request listener" [_thread_in_native, id=17968, stack(0x000000001e6b0000,0x000000001e7b0000)]
  0x000000001bae6000 JavaThread "Cache worker for file hash cache (C:\Users\deg98\.gradle\caches\4.6\fileHashes)" [_thread_blocked, id=20664, stack(0x000000001cea0000,0x000000001cfa0000)]
  0x0000000017d68800 JavaThread "Stdin handler" [_thread_blocked, id=8480, stack(0x000000001ac00000,0x000000001ad00000)]
  0x0000000018ae3000 JavaThread "Asynchronous log dispatcher for DefaultDaemonConnection: socket connection from /127.0.0.1:56708 to /127.0.0.1:56710" [_thread_blocked, id=12584, stack(0x000000001ab00000,0x000000001ac00000)]
  0x0000000017ea9800 JavaThread "Daemon worker" [_thread_in_Java, id=11204, stack(0x000000001aa00000,0x000000001ab00000)]
  0x0000000018d7f000 JavaThread "Cancel handler" [_thread_blocked, id=2736, stack(0x000000001a900000,0x000000001aa00000)]
  0x0000000017e56000 JavaThread "Handler for socket connection from /127.0.0.1:56708 to /127.0.0.1:56710" [_thread_in_native, id=17256, stack(0x000000001a600000,0x000000001a700000)]
  0x0000000017e51800 JavaThread "Daemon" [_thread_blocked, id=7496, stack(0x000000001a500000,0x000000001a600000)]
  0x0000000018d46000 JavaThread "Daemon periodic checks" [_thread_blocked, id=19868, stack(0x000000001a400000,0x000000001a500000)]
  0x0000000018d44000 JavaThread "Incoming local TCP Connector on port 56708" [_thread_in_native, id=5844, stack(0x000000001a220000,0x000000001a320000)]
  0x0000000017db2000 JavaThread "Service Thread" daemon [_thread_blocked, id=17336, stack(0x0000000018630000,0x0000000018730000)]
  0x0000000017d4c800 JavaThread "C1 CompilerThread2" daemon [_thread_blocked, id=8632, stack(0x0000000018530000,0x0000000018630000)]
=>0x0000000016a1b800 JavaThread "C2 CompilerThread1" daemon [_thread_in_native, id=9084, stack(0x0000000018430000,0x0000000018530000)]
  0x00000000169cd800 JavaThread "C2 CompilerThread0" daemon [_thread_blocked, id=19960, stack(0x0000000018330000,0x0000000018430000)]
  0x0000000016a18800 JavaThread "Attach Listener" daemon [_thread_blocked, id=13264, stack(0x0000000018230000,0x0000000018330000)]
  0x0000000017d38800 JavaThread "Signal Dispatcher" daemon [_thread_blocked, id=572, stack(0x0000000018130000,0x0000000018230000)]
  0x000000000304c000 JavaThread "Finalizer" daemon [_thread_blocked, id=11140, stack(0x0000000017c30000,0x0000000017d30000)]
  0x0000000003041000 JavaThread "Reference Handler" daemon [_thread_blocked, id=5240, stack(0x0000000017b30000,0x0000000017c30000)]
  0x0000000002f4e000 JavaThread "main" [_thread_blocked, id=11148, stack(0x0000000002da0000,0x0000000002ea0000)]

Other Threads:
  0x0000000016985800 VMThread [stack: 0x0000000017a30000,0x0000000017b30000] [id=21008]
  0x0000000017db3000 WatcherThread [stack: 0x0000000018730000,0x0000000018830000] [id=2872]

VM state:not at safepoint (normal execution)

VM Mutex/Monitor currently owned by a thread: None

Heap:
 PSYoungGen      total 185344K, used 30627K [0x00000000e0000000, 0x00000000ed100000, 0x0000000100000000)
  eden space 168960K, 18% used [0x00000000e0000000,0x00000000e1de8d98,0x00000000ea500000)
  from space 16384K, 0% used [0x00000000eb480000,0x00000000eb480000,0x00000000ec480000)
  to   space 15872K, 0% used [0x00000000ea500000,0x00000000ea500000,0x00000000eb480000)
 ParOldGen       total 79360K, used 32188K [0x00000000a0000000, 0x00000000a4d80000, 0x00000000e0000000)
  object space 79360K, 40% used [0x00000000a0000000,0x00000000a1f6f050,0x00000000a4d80000)
 Metaspace       used 58379K, capacity 60102K, committed 60376K, reserved 1101824K
  class space    used 7925K, capacity 8376K, committed 8448K, reserved 1048576K

Card table byte_map: [0x0000000012410000,0x0000000012720000] byte_map_base: 0x0000000011f10000

Marking Bits: (ParMarkBitMap*) 0x0000000065ef4970
 Begin Bits: [0x0000000012d20000, 0x0000000014520000)
 End Bits:   [0x0000000014520000, 0x0000000015d20000)

Polling page: 0x0000000000d60000

CodeCache: size=245760Kb used=19818Kb max_used=19829Kb free=225941Kb
 bounds [0x0000000003050000, 0x00000000043d0000, 0x0000000012050000]
 total_blobs=6425 nmethods=5650 adapters=687
 compilation: enabled

Compilation events (10 events):
Event: 77.498 Thread 0x0000000017d4c800 6267       3       org.gradle.api.internal.SetIterator::hasNext (13 bytes)
Event: 77.498 Thread 0x0000000017d4c800 nmethod 6267 0x00000000043b9a10 code [0x00000000043b9b60, 0x00000000043b9d10]
Event: 77.513 Thread 0x0000000017d4c800 6268       1       org.gradle.internal.typeconversion.NotationConverterToNotationParserAdapter$ResultImpl::access$100 (5 bytes)
Event: 77.513 Thread 0x0000000017d4c800 nmethod 6268 0x00000000043b9750 code [0x00000000043b98a0, 0x00000000043b9990]
Event: 77.513 Thread 0x0000000017d4c800 6269       1       org.gradle.internal.typeconversion.NotationConverterToNotationParserAdapter$ResultImpl::access$200 (5 bytes)
Event: 77.513 Thread 0x0000000017d4c800 nmethod 6269 0x00000000043b9450 code [0x00000000043b95a0, 0x00000000043b9690]
Event: 77.513 Thread 0x0000000017d4c800 6270   !   3       org.gradle.api.internal.SetIterator::next (18 bytes)
Event: 77.514 Thread 0x0000000017d4c800 nmethod 6270 0x00000000043bcf10 code [0x00000000043bd080, 0x00000000043bd278]
Event: 77.521 Thread 0x00000000169cd800 6271       4       org.gradle.internal.service.DefaultServiceRegistry::unwrap (75 bytes)
Event: 77.523 Thread 0x00000000169cd800 nmethod 6271 0x00000000043c0050 code [0x00000000043c01a0, 0x00000000043c0298]

GC Heap History (10 events):
Event: 53.716 GC heap before
{Heap before GC invocations=13 (full 2):
 PSYoungGen      total 103936K, used 4210K [0x00000000e0000000, 0x00000000e9a00000, 0x0000000100000000)
  eden space 94208K, 0% used [0x00000000e0000000,0x00000000e0000000,0x00000000e5c00000)
  from space 9728K, 43% used [0x00000000e5c00000,0x00000000e601cba8,0x00000000e6580000)
  to   space 9728K, 0% used [0x00000000e9080000,0x00000000e9080000,0x00000000e9a00000)
 ParOldGen       total 32256K, used 20057K [0x00000000a0000000, 0x00000000a1f80000, 0x00000000e0000000)
  object space 32256K, 62% used [0x00000000a0000000,0x00000000a13965c8,0x00000000a1f80000)
 Metaspace       used 34501K, capacity 35216K, committed 35416K, reserved 1079296K
  class space    used 4743K, capacity 4989K, committed 4992K, reserved 1048576K
Event: 54.103 GC heap after
Heap after GC invocations=13 (full 2):
 PSYoungGen      total 103936K, used 0K [0x00000000e0000000, 0x00000000e9a00000, 0x0000000100000000)
  eden space 94208K, 0% used [0x00000000e0000000,0x00000000e0000000,0x00000000e5c00000)
  from space 9728K, 0% used [0x00000000e5c00000,0x00000000e5c00000,0x00000000e6580000)
  to   space 9728K, 0% used [0x00000000e9080000,0x00000000e9080000,0x00000000e9a00000)
 ParOldGen       total 49664K, used 17604K [0x00000000a0000000, 0x00000000a3080000, 0x00000000e0000000)
  object space 49664K, 35% used [0x00000000a0000000,0x00000000a11313d0,0x00000000a3080000)
 Metaspace       used 34450K, capacity 35084K, committed 35416K, reserved 1079296K
  class space    used 4730K, capacity 4945K, committed 4992K, reserved 1048576K
}
Event: 59.108 GC heap before
{Heap before GC invocations=14 (full 2):
 PSYoungGen      total 103936K, used 94208K [0x00000000e0000000, 0x00000000e9a00000, 0x0000000100000000)
  eden space 94208K, 100% used [0x00000000e0000000,0x00000000e5c00000,0x00000000e5c00000)
  from space 9728K, 0% used [0x00000000e5c00000,0x00000000e5c00000,0x00000000e6580000)
  to   space 9728K, 0% used [0x00000000e9080000,0x00000000e9080000,0x00000000e9a00000)
 ParOldGen       total 49664K, used 17604K [0x00000000a0000000, 0x00000000a3080000, 0x00000000e0000000)
  object space 49664K, 35% used [0x00000000a0000000,0x00000000a11313d0,0x00000000a3080000)
 Metaspace       used 42752K, capacity 43584K, committed 43864K, reserved 1087488K
  class space    used 5744K, capacity 6011K, committed 6016K, reserved 1048576K
Event: 59.134 GC heap after
Heap after GC invocations=14 (full 2):
 PSYoungGen      total 137216K, used 9727K [0x00000000e0000000, 0x00000000e9a00000, 0x0000000100000000)
  eden space 127488K, 0% used [0x00000000e0000000,0x00000000e0000000,0x00000000e7c80000)
  from space 9728K, 99% used [0x00000000e9080000,0x00000000e99ffe98,0x00000000e9a00000)
  to   space 11264K, 0% used [0x00000000e8400000,0x00000000e8400000,0x00000000e8f00000)
 ParOldGen       total 49664K, used 18236K [0x00000000a0000000, 0x00000000a3080000, 0x00000000e0000000)
  object space 49664K, 36% used [0x00000000a0000000,0x00000000a11cf298,0x00000000a3080000)
 Metaspace       used 42752K, capacity 43584K, committed 43864K, reserved 1087488K
  class space    used 5744K, capacity 6011K, committed 6016K, reserved 1048576K
}
Event: 73.507 GC heap before
{Heap before GC invocations=15 (full 2):
 PSYoungGen      total 137216K, used 137215K [0x00000000e0000000, 0x00000000e9a00000, 0x0000000100000000)
  eden space 127488K, 100% used [0x00000000e0000000,0x00000000e7c80000,0x00000000e7c80000)
  from space 9728K, 99% used [0x00000000e9080000,0x00000000e99ffe98,0x00000000e9a00000)
  to   space 11264K, 0% used [0x00000000e8400000,0x00000000e8400000,0x00000000e8f00000)
 ParOldGen       total 49664K, used 18236K [0x00000000a0000000, 0x00000000a3080000, 0x00000000e0000000)
  object space 49664K, 36% used [0x00000000a0000000,0x00000000a11cf298,0x00000000a3080000)
 Metaspace       used 54550K, capacity 56106K, committed 56408K, reserved 1097728K
  class space    used 7278K, capacity 7733K, committed 7808K, reserved 1048576K
Event: 73.567 GC heap after
Heap after GC invocations=15 (full 2):
 PSYoungGen      total 146432K, used 11250K [0x00000000e0000000, 0x00000000ec480000, 0x0000000100000000)
  eden space 135168K, 0% used [0x00000000e0000000,0x00000000e0000000,0x00000000e8400000)
  from space 11264K, 99% used [0x00000000e8400000,0x00000000e8efcba0,0x00000000e8f00000)
  to   space 16384K, 0% used [0x00000000eb480000,0x00000000eb480000,0x00000000ec480000)
 ParOldGen       total 49664K, used 27575K [0x00000000a0000000, 0x00000000a3080000, 0x00000000e0000000)
  object space 49664K, 55% used [0x00000000a0000000,0x00000000a1aedfd8,0x00000000a3080000)
 Metaspace       used 54550K, capacity 56106K, committed 56408K, reserved 1097728K
  class space    used 7278K, capacity 7733K, committed 7808K, reserved 1048576K
}
Event: 74.992 GC heap before
{Heap before GC invocations=16 (full 2):
 PSYoungGen      total 146432K, used 47804K [0x00000000e0000000, 0x00000000ec480000, 0x0000000100000000)
  eden space 135168K, 27% used [0x00000000e0000000,0x00000000e23b26d0,0x00000000e8400000)
  from space 11264K, 99% used [0x00000000e8400000,0x00000000e8efcba0,0x00000000e8f00000)
  to   space 16384K, 0% used [0x00000000eb480000,0x00000000eb480000,0x00000000ec480000)
 ParOldGen       total 49664K, used 27575K [0x00000000a0000000, 0x00000000a3080000, 0x00000000e0000000)
  object space 49664K, 55% used [0x00000000a0000000,0x00000000a1aedfd8,0x00000000a3080000)
 Metaspace       used 57173K, capacity 58982K, committed 59028K, reserved 1099776K
  class space    used 7711K, capacity 8177K, committed 8192K, reserved 1048576K
Event: 75.020 GC heap after
Heap after GC invocations=16 (full 2):
 PSYoungGen      total 185344K, used 3885K [0x00000000e0000000, 0x00000000ed100000, 0x0000000100000000)
  eden space 168960K, 0% used [0x00000000e0000000,0x00000000e0000000,0x00000000ea500000)
  from space 16384K, 23% used [0x00000000eb480000,0x00000000eb84b4b8,0x00000000ec480000)
  to   space 15872K, 0% used [0x00000000ea500000,0x00000000ea500000,0x00000000eb480000)
 ParOldGen       total 49664K, used 34998K [0x00000000a0000000, 0x00000000a3080000, 0x00000000e0000000)
  object space 49664K, 70% used [0x00000000a0000000,0x00000000a222d9f8,0x00000000a3080000)
 Metaspace       used 57173K, capacity 58982K, committed 59028K, reserved 1099776K
  class space    used 7711K, capacity 8177K, committed 8192K, reserved 1048576K
}
Event: 75.020 GC heap before
{Heap before GC invocations=17 (full 3):
 PSYoungGen      total 185344K, used 3885K [0x00000000e0000000, 0x00000000ed100000, 0x0000000100000000)
  eden space 168960K, 0% used [0x00000000e0000000,0x00000000e0000000,0x00000000ea500000)
  from space 16384K, 23% used [0x00000000eb480000,0x00000000eb84b4b8,0x00000000ec480000)
  to   space 15872K, 0% used [0x00000000ea500000,0x00000000ea500000,0x00000000eb480000)
 ParOldGen       total 49664K, used 34998K [0x00000000a0000000, 0x00000000a3080000, 0x00000000e0000000)
  object space 49664K, 70% used [0x00000000a0000000,0x00000000a222d9f8,0x00000000a3080000)
 Metaspace       used 57173K, capacity 58982K, committed 59028K, reserved 1099776K
  class space    used 7711K, capacity 8177K, committed 8192K, reserved 1048576K
Event: 76.336 GC heap after
Heap after GC invocations=17 (full 3):
 PSYoungGen      total 185344K, used 0K [0x00000000e0000000, 0x00000000ed100000, 0x0000000100000000)
  eden space 168960K, 0% used [0x00000000e0000000,0x00000000e0000000,0x00000000ea500000)
  from space 16384K, 0% used [0x00000000eb480000,0x00000000eb480000,0x00000000ec480000)
  to   space 15872K, 0% used [0x00000000ea500000,0x00000000ea500000,0x00000000eb480000)
 ParOldGen       total 79360K, used 32188K [0x00000000a0000000, 0x00000000a4d80000, 0x00000000e0000000)
  object space 79360K, 40% used [0x00000000a0000000,0x00000000a1f6f050,0x00000000a4d80000)
 Metaspace       used 57173K, capacity 58982K, committed 59028K, reserved 1099776K
  class space    used 7711K, capacity 8177K, committed 8192K, reserved 1048576K
}

Deoptimization events (10 events):
Event: 73.572 Thread 0x000000000304c000 Uncommon trap: reason=unstable_if action=reinterpret pc=0x00000000034d1054 method=java.util.WeakHashMap.expungeStaleEntries()V @ 9
Event: 74.632 Thread 0x0000000017ea9800 Uncommon trap: reason=unstable_if action=reinterpret pc=0x0000000003f3c650 method=java.util.TreeMap.put(Ljava/lang/Object;Ljava/lang/Object;)Ljava/lang/Object; @ 163
Event: 76.496 Thread 0x0000000017ea9800 Uncommon trap: reason=class_check action=maybe_recompile pc=0x000000000343ee90 method=org.gradle.internal.logging.text.AbstractLineChoppingStyledTextOutput$StateContext.flushLineText()V @ 110
Event: 76.496 Thread 0x0000000017ea9800 Uncommon trap: reason=class_check action=maybe_recompile pc=0x000000000343ee90 method=org.gradle.internal.logging.text.AbstractLineChoppingStyledTextOutput$StateContext.flushLineText()V @ 110
Event: 76.575 Thread 0x0000000017ea9800 Uncommon trap: reason=class_check action=maybe_recompile pc=0x0000000003e7ded4 method=org.gradle.model.internal.type.ModelType.wrap(Ljava/lang/reflect/Type;)Lorg/gradle/model/internal/type/TypeWrapper; @ 33
Event: 76.575 Thread 0x0000000017ea9800 Uncommon trap: reason=class_check action=maybe_recompile pc=0x0000000003e7df44 method=org.gradle.model.internal.type.ModelType.wrap(Ljava/lang/reflect/Type;)Lorg/gradle/model/internal/type/TypeWrapper; @ 83
Event: 76.578 Thread 0x0000000017ea9800 Uncommon trap: reason=class_check action=maybe_recompile pc=0x0000000003e7ded4 method=org.gradle.model.internal.type.ModelType.wrap(Ljava/lang/reflect/Type;)Lorg/gradle/model/internal/type/TypeWrapper; @ 33
Event: 76.579 Thread 0x0000000017ea9800 Uncommon trap: reason=class_check action=maybe_recompile pc=0x0000000003e7df44 method=org.gradle.model.internal.type.ModelType.wrap(Ljava/lang/reflect/Type;)Lorg/gradle/model/internal/type/TypeWrapper; @ 83
Event: 76.965 Thread 0x0000000017ea9800 Uncommon trap: reason=unstable_if action=reinterpret pc=0x00000000040262d0 method=java.lang.reflect.AccessibleObject.setAccessible0(Ljava/lang/reflect/AccessibleObject;Z)V @ 23
Event: 77.211 Thread 0x0000000017ea9800 Uncommon trap: reason=unstable_if action=reinterpret pc=0x000000000366a5b4 method=java.lang.String.lastIndexOf([CII[CIII)I @ 118

Classes redefined (0 events):
No events

Internal exceptions (10 events):
Event: 76.990 Thread 0x0000000017ea9800 Exception <a 'java/lang/ClassNotFoundException': org/jetbrains/plugins/gradle/model/ear/EarConfigurationBeanInfo> (0x00000000e0ad8558) thrown at [D:\src\AOSP-openjdk-cygwin\jdk8u\hotspot\src\share\vm\classfile\systemDictionary.cpp, line 210]
Event: 76.991 Thread 0x0000000017ea9800 Exception <a 'java/lang/ClassNotFoundException': org/jetbrains/plugins/gradle/model/ear/EarConfigurationCustomizer> (0x00000000e0ae7fa8) thrown at [D:\src\AOSP-openjdk-cygwin\jdk8u\hotspot\src\share\vm\classfile\systemDictionary.cpp, line 210]
Event: 76.996 Thread 0x0000000017ea9800 Exception <a 'java/lang/ClassNotFoundException': org/jetbrains/plugins/gradle/model/scala/ScalaModelBeanInfo> (0x00000000e0b22710) thrown at [D:\src\AOSP-openjdk-cygwin\jdk8u\hotspot\src\share\vm\classfile\systemDictionary.cpp, line 210]
Event: 76.997 Thread 0x0000000017ea9800 Exception <a 'java/lang/ClassNotFoundException': org/jetbrains/plugins/gradle/model/scala/ScalaModelCustomizer> (0x00000000e0b31af0) thrown at [D:\src\AOSP-openjdk-cygwin\jdk8u\hotspot\src\share\vm\classfile\systemDictionary.cpp, line 210]
Event: 77.000 Thread 0x0000000017ea9800 Exception <a 'java/lang/ClassNotFoundException': org/jetbrains/plugins/gradle/model/ExternalProjectBeanInfo> (0x00000000e0b5cdd0) thrown at [D:\src\AOSP-openjdk-cygwin\jdk8u\hotspot\src\share\vm\classfile\systemDictionary.cpp, line 210]
Event: 77.001 Thread 0x0000000017ea9800 Exception <a 'java/lang/ClassNotFoundException': org/jetbrains/plugins/gradle/model/ExternalProjectCustomizer> (0x00000000e0b6be60) thrown at [D:\src\AOSP-openjdk-cygwin\jdk8u\hotspot\src\share\vm\classfile\systemDictionary.cpp, line 210]
Event: 77.004 Thread 0x0000000017ea9800 Exception <a 'java/lang/ClassNotFoundException': org/jetbrains/plugins/gradle/model/ExternalProjectPreviewBeanInfo> (0x00000000e0baa4c8) thrown at [D:\src\AOSP-openjdk-cygwin\jdk8u\hotspot\src\share\vm\classfile\systemDictionary.cpp, line 210]
Event: 77.005 Thread 0x0000000017ea9800 Exception <a 'java/lang/ClassNotFoundException': org/jetbrains/plugins/gradle/model/ExternalProjectPreviewCustomizer> (0x00000000e0bba7a8) thrown at [D:\src\AOSP-openjdk-cygwin\jdk8u\hotspot\src\share\vm\classfile\systemDictionary.cpp, line 210]
Event: 77.015 Thread 0x0000000017ea9800 Exception <a 'java/lang/ClassNotFoundException': org/jetbrains/plugins/gradle/model/IntelliJProjectSettingsBeanInfo> (0x00000000e0beb528) thrown at [D:\src\AOSP-openjdk-cygwin\jdk8u\hotspot\src\share\vm\classfile\systemDictionary.cpp, line 210]
Event: 77.016 Thread 0x0000000017ea9800 Exception <a 'java/lang/ClassNotFoundException': org/jetbrains/plugins/gradle/model/IntelliJProjectSettingsCustomizer> (0x00000000e0bfb818) thrown at [D:\src\AOSP-openjdk-cygwin\jdk8u\hotspot\src\share\vm\classfile\systemDictionary.cpp, line 210]

Events (10 events):
Event: 77.518 loading class org/gradle/plugins/ide/idea/model/internal/IdeaDependenciesOptimizer
Event: 77.518 loading class org/gradle/plugins/ide/idea/model/internal/IdeaDependenciesOptimizer done
Event: 77.519 loading class org/gradle/plugins/ide/idea/model/internal/GeneratedIdeaScope
Event: 77.519 loading class org/gradle/plugins/ide/idea/model/internal/GeneratedIdeaScope done
Event: 77.521 loading class org/gradle/plugins/ide/idea/model/internal/IdeaDependenciesProvider$IdeaDependenciesVisitor
Event: 77.523 loading class org/gradle/plugins/ide/idea/model/internal/IdeaDependenciesProvider$IdeaDependenciesVisitor done
Event: 77.525 loading class org/gradle/plugins/ide/internal/resolver/UnresolvedIdeDependencyHandler
Event: 77.525 loading class org/gradle/plugins/ide/internal/resolver/UnresolvedIdeDependencyHandler done
Event: 77.526 loading class org/gradle/plugins/ide/internal/resolver/IdeDependencySet
Event: 77.526 loading class org/gradle/plugins/ide/internal/resolver/IdeDependencySet done


Dynamic libraries:
0x00007ff713210000 - 0x00007ff713241000 	C:\Program Files\Android\Android Studio\jre\bin\java.exe
0x00007ffca2870000 - 0x00007ffca2a51000 	C:\WINDOWS\SYSTEM32\ntdll.dll
0x00007ffca0a00000 - 0x00007ffca0ab2000 	C:\WINDOWS\System32\KERNEL32.DLL
0x00007ffc9f040000 - 0x00007ffc9f2b3000 	C:\WINDOWS\System32\KERNELBASE.dll
0x00007ffca2460000 - 0x00007ffca2501000 	C:\WINDOWS\System32\ADVAPI32.dll
0x00007ffc9fd70000 - 0x00007ffc9fe0e000 	C:\WINDOWS\System32\msvcrt.dll
0x00007ffc9fd00000 - 0x00007ffc9fd5b000 	C:\WINDOWS\System32\sechost.dll
0x00007ffca0050000 - 0x00007ffca0174000 	C:\WINDOWS\System32\RPCRT4.dll
0x00007ffca0870000 - 0x00007ffca0a00000 	C:\WINDOWS\System32\USER32.dll
0x00007ffc9f500000 - 0x00007ffc9f520000 	C:\WINDOWS\System32\win32u.dll
0x00007ffc9fe10000 - 0x00007ffc9fe38000 	C:\WINDOWS\System32\GDI32.dll
0x00007ffc9f2c0000 - 0x00007ffc9f452000 	C:\WINDOWS\System32\gdi32full.dll
0x00007ffc9f460000 - 0x00007ffc9f4ff000 	C:\WINDOWS\System32\msvcp_win.dll
0x00007ffc9ef40000 - 0x00007ffc9f03a000 	C:\WINDOWS\System32\ucrtbase.dll
0x00007ffc90c10000 - 0x00007ffc90e79000 	C:\WINDOWS\WinSxS\amd64_microsoft.windows.common-controls_6595b64144ccf1df_6.0.17134.345_none_fb429a5930656358\COMCTL32.dll
0x00007ffca2510000 - 0x00007ffca2833000 	C:\WINDOWS\System32\combase.dll
0x00007ffc9fc80000 - 0x00007ffc9fcfa000 	C:\WINDOWS\System32\bcryptPrimitives.dll
0x00007ffca06c0000 - 0x00007ffca06ed000 	C:\WINDOWS\System32\IMM32.DLL
0x0000000066750000 - 0x0000000066822000 	C:\Program Files\Android\Android Studio\jre\jre\bin\msvcr100.dll
0x0000000065730000 - 0x0000000065f6f000 	C:\Program Files\Android\Android Studio\jre\jre\bin\server\jvm.dll
0x00007ffc9fe40000 - 0x00007ffc9fe48000 	C:\WINDOWS\System32\PSAPI.DLL
0x00007ffc936a0000 - 0x00007ffc936a9000 	C:\WINDOWS\SYSTEM32\WSOCK32.dll
0x00007ffc94010000 - 0x00007ffc94033000 	C:\WINDOWS\SYSTEM32\WINMM.dll
0x00007ffc93fe0000 - 0x00007ffc9400a000 	C:\WINDOWS\SYSTEM32\WINMMBASE.dll
0x00007ffc9fc30000 - 0x00007ffc9fc79000 	C:\WINDOWS\System32\cfgmgr32.dll
0x00007ffca0650000 - 0x00007ffca06bc000 	C:\WINDOWS\System32\WS2_32.dll
0x00007ffc93690000 - 0x00007ffc9369a000 	C:\WINDOWS\SYSTEM32\VERSION.dll
0x00007ffc99b00000 - 0x00007ffc99b0f000 	C:\Program Files\Android\Android Studio\jre\jre\bin\verify.dll
0x00007ffc87850000 - 0x00007ffc87879000 	C:\Program Files\Android\Android Studio\jre\jre\bin\java.dll
0x00007ffc90ac0000 - 0x00007ffc90ad6000 	C:\Program Files\Android\Android Studio\jre\jre\bin\zip.dll
0x00007ffca0f40000 - 0x00007ffca237f000 	C:\WINDOWS\System32\SHELL32.dll
0x00007ffca0e90000 - 0x00007ffca0f39000 	C:\WINDOWS\System32\shcore.dll
0x00007ffc9f520000 - 0x00007ffc9fc2d000 	C:\WINDOWS\System32\windows.storage.dll
0x00007ffc9fe50000 - 0x00007ffc9fea1000 	C:\WINDOWS\System32\shlwapi.dll
0x00007ffc9ec20000 - 0x00007ffc9ec31000 	C:\WINDOWS\System32\kernel.appcore.dll
0x00007ffc9eb80000 - 0x00007ffc9eb9f000 	C:\WINDOWS\System32\profapi.dll
0x00007ffc9eba0000 - 0x00007ffc9ebec000 	C:\WINDOWS\System32\powrprof.dll
0x00007ffc9ebf0000 - 0x00007ffc9ebfa000 	C:\WINDOWS\System32\FLTLIB.DLL
0x00007ffc8d7b0000 - 0x00007ffc8d7ca000 	C:\Program Files\Android\Android Studio\jre\jre\bin\net.dll
0x00007ffc9e400000 - 0x00007ffc9e466000 	C:\WINDOWS\system32\mswsock.dll
0x00007ffc8ae00000 - 0x00007ffc8ae11000 	C:\Program Files\Android\Android Studio\jre\jre\bin\nio.dll
0x00007ffc8a930000 - 0x00007ffc8a94e000 	C:\Users\deg98\.gradle\native\25\windows-amd64\native-platform.dll
0x00007ffc9a310000 - 0x00007ffc9a31d000 	C:\Program Files\Android\Android Studio\jre\jre\bin\management.dll
0x00007ffc9e5b0000 - 0x00007ffc9e5c7000 	C:\WINDOWS\SYSTEM32\CRYPTSP.dll
0x00007ffc9dfe0000 - 0x00007ffc9e013000 	C:\WINDOWS\system32\rsaenh.dll
0x00007ffc9e6e0000 - 0x00007ffc9e705000 	C:\WINDOWS\SYSTEM32\bcrypt.dll
0x00007ffc9eab0000 - 0x00007ffc9ead8000 	C:\WINDOWS\SYSTEM32\USERENV.dll
0x00007ffc9e5d0000 - 0x00007ffc9e5db000 	C:\WINDOWS\SYSTEM32\CRYPTBASE.dll
0x00007ffc9e180000 - 0x00007ffc9e1b8000 	C:\WINDOWS\SYSTEM32\IPHLPAPI.DLL
0x00007ffca0c20000 - 0x00007ffca0c28000 	C:\WINDOWS\System32\NSI.dll
0x00007ffc98f60000 - 0x00007ffc98f76000 	C:\WINDOWS\SYSTEM32\dhcpcsvc6.DLL
0x00007ffc97ee0000 - 0x00007ffc97efa000 	C:\WINDOWS\SYSTEM32\dhcpcsvc.DLL

VM Arguments:
jvm_args: -Xmx1536m -Dfile.encoding=x-windows-949 -Duser.country=KR -Duser.language=ko -Duser.variant 
java_command: org.gradle.launcher.daemon.bootstrap.GradleDaemon 4.6
java_class_path (initial): C:\Users\deg98\.gradle\wrapper\dists\gradle-4.6-all\bcst21l2brirad8k2ben1letg\gradle-4.6\lib\gradle-launcher-4.6.jar
Launcher Type: SUN_STANDARD

Environment Variables:
PATH=C:\Program Files (x86)\Common Files\Oracle\Java\javapath;C:\oraclexe\app\oracle\product\11.2.0\server\bin;C:\ProgramData\Oracle\Java\javapath;C:\Program Files (x86)\Intel\iCLS Client\;C:\Program Files\Intel\iCLS Client\;C:\WINDOWS\system32;C:\WINDOWS;C:\WINDOWS\System32\Wbem;C:\WINDOWS\System32\WindowsPowerShell\v1.0\;C:\Program Files\Intel\Intel(R) Management Engine Components\DAL;C:\Program Files\Intel\Intel(R) Management Engine Components\IPT;C:\Program Files (x86)\Intel\Intel(R) Management Engine Components\DAL;C:\Program Files (x86)\Intel\Intel(R) Management Engine Components\IPT;c:\Program Files (x86)\Microsoft SQL Server\100\Tools\Binn\;c:\Program Files\Microsoft SQL Server\100\Tools\Binn\;c:\Program Files\Microsoft SQL Server\100\DTS\Binn\;C:\Program Files\Java\jdk1.8.0_161\bin;C:\WINDOWS\System32\OpenSSH\;C:\Program Files\Git\cmd;C:\Program Files\PuTTY\;C:\Users\deg98\AppData\Local\Microsoft\WindowsApps;
USERNAME=deg98
OS=Windows_NT
PROCESSOR_IDENTIFIER=Intel64 Family 6 Model 69 Stepping 1, GenuineIntel



---------------  S Y S T E M  ---------------

OS: Windows 10.0 , 64 bit Build 17134 (10.0.17134.1)

CPU:total 4 (initial active 4) (2 cores per cpu, 2 threads per core) family 6 model 69 stepping 1, cmov, cx8, fxsr, mmx, sse, sse2, sse3, ssse3, sse4.1, sse4.2, popcnt, avx, avx2, aes, clmul, erms, lzcnt, ht, tsc, tscinvbit, bmi1, bmi2

Memory: 4k page, physical 4107072k(254628k free), swap 9017840k(3560k free)

vm_info: OpenJDK 64-Bit Server VM (25.152-b02) for windows-amd64 JRE (1.8.0_152-release-1024-b02), built by "builder" with MS VC++ 10.0 (VS2010)

time: Tue Oct 16 00:32:34 2018
elapsed time: 77 seconds (0d 0h 1m 17s)

