#
# There is insufficient memory for the Java Runtime Environment to continue.
# Native memory allocation (malloc) failed to allocate 32744 bytes for ChunkPool::allocate
# Possible reasons:
#   The system is out of physical RAM or swap space
#   In 32 bit mode, the process size limit was hit
# Possible solutions:
#   Reduce memory load on the system
#   Increase physical memory or swap space
#   Check if swap backing store is full
#   Use 64 bit Java on a 64 bit OS
#   Decrease Java heap size (-Xmx/-Xms)
#   Decrease number of Java threads
#   Decrease Java thread stack sizes (-Xss)
#   Set larger code cache with -XX:ReservedCodeCacheSize=
# This output file may be truncated or incomplete.
#
#  Out of Memory Error (allocation.cpp:273), pid=1632, tid=0x0000000000002804
#
# JRE version: OpenJDK Runtime Environment (8.0_152-b02) (build 1.8.0_152-release-1024-b02)
# Java VM: OpenJDK 64-Bit Server VM (25.152-b02 mixed mode windows-amd64 compressed oops)
# Failed to write core dump. Minidumps are not enabled by default on client versions of Windows
#

---------------  T H R E A D  ---------------

Current thread (0x00000000184c0000):  JavaThread "Daemon worker" [_thread_in_vm, id=10244, stack(0x000000001af20000,0x000000001b020000)]

Stack: [0x000000001af20000,0x000000001b020000]
[error occurred during error reporting (printing stack bounds), id 0xc0000005]

Native frames: (J=compiled Java code, j=interpreted, Vv=VM code, C=native code)

Java frames: (J=compiled Java code, j=interpreted, Vv=VM code)
J 705  java.lang.ClassLoader.defineClass1(Ljava/lang/String;[BIILjava/security/ProtectionDomain;Ljava/lang/String;)Ljava/lang/Class; (0 bytes) @ 0x000000000388da5f [0x000000000388d9c0+0x9f]
J 522 C1 java.lang.ClassLoader.defineClass(Ljava/lang/String;[BIILjava/security/ProtectionDomain;)Ljava/lang/Class; (43 bytes) @ 0x00000000037e76e4 [0x00000000037e7100+0x5e4]
J 407 C1 java.net.URLClassLoader.defineClass(Ljava/lang/String;Lsun/misc/Resource;)Ljava/lang/Class; (142 bytes) @ 0x000000000377f724 [0x000000000377dbc0+0x1b64]
J 287 C1 java.net.URLClassLoader$1.run()Ljava/lang/Class; (63 bytes) @ 0x000000000372f694 [0x000000000372f3e0+0x2b4]
J 286 C1 java.net.URLClassLoader$1.run()Ljava/lang/Object; (5 bytes) @ 0x000000000372f04c [0x000000000372efc0+0x8c]
v  ~StubRoutines::call_stub
J 224  java.security.AccessController.doPrivileged(Ljava/security/PrivilegedExceptionAction;Ljava/security/AccessControlContext;)Ljava/lang/Object; (0 bytes) @ 0x00000000037093e6 [0x0000000003709380+0x66]
J 1353 C2 java.net.URLClassLoader.findClass(Ljava/lang/String;)Ljava/lang/Class; (47 bytes) @ 0x0000000003a35470 [0x0000000003a353e0+0x90]
J 1313 C2 java.lang.ClassLoader.loadClass(Ljava/lang/String;Z)Ljava/lang/Class; (122 bytes) @ 0x0000000003a2ae44 [0x0000000003a29e40+0x1004]
J 294 C1 java.lang.ClassLoader.loadClass(Ljava/lang/String;)Ljava/lang/Class; (7 bytes) @ 0x000000000373268c [0x0000000003732580+0x10c]
v  ~StubRoutines::call_stub
j  org.gradle.api.internal.changedetection.state.InMemoryCacheDecoratorFactory.decorator(IZ)Lorg/gradle/cache/CacheDecorator;+0
j  org.gradle.api.internal.changedetection.state.CrossBuildFileHashCache.createCache(Ljava/lang/String;Ljava/lang/Class;Lorg/gradle/internal/serialize/Serializer;IZ)Lorg/gradle/cache/PersistentIndexedCache;+18
j  org.gradle.api.internal.changedetection.state.CachingFileHasher.<init>(Lorg/gradle/internal/hash/FileHasher;Lorg/gradle/api/internal/changedetection/state/TaskHistoryStore;Lorg/gradle/api/internal/cache/StringInterner;Lorg/gradle/api/internal/changedetection/state/FileTimeStampInspector;Ljava/lang/String;Lorg/gradle/internal/nativeintegration/filesystem/FileSystem;)V+33
j  org.gradle.internal.service.scopes.GradleUserHomeScopeServices.createCachingFileHasher(Lorg/gradle/api/internal/cache/StringInterner;Lorg/gradle/api/internal/changedetection/state/CrossBuildFileHashCache;Lorg/gradle/internal/nativeintegration/filesystem/FileSystem;Lorg/gradle/api/internal/changedetection/state/GlobalScopeFileTimeStampInspector;Lorg/gradle/internal/hash/StreamHasher;)Lorg/gradle/internal/hash/FileHasher;+20
v  ~StubRoutines::call_stub
j  sun.reflect.NativeMethodAccessorImpl.invoke0(Ljava/lang/reflect/Method;Ljava/lang/Object;[Ljava/lang/Object;)Ljava/lang/Object;+0
j  sun.reflect.NativeMethodAccessorImpl.invoke(Ljava/lang/Object;[Ljava/lang/Object;)Ljava/lang/Object;+100
J 1012 C1 sun.reflect.DelegatingMethodAccessorImpl.invoke(Ljava/lang/Object;[Ljava/lang/Object;)Ljava/lang/Object; (10 bytes) @ 0x000000000394e184 [0x000000000394e080+0x104]
J 1011 C1 java.lang.reflect.Method.invoke(Ljava/lang/Object;[Ljava/lang/Object;)Ljava/lang/Object; (62 bytes) @ 0x000000000394e92c [0x000000000394e540+0x3ec]
j  org.gradle.internal.reflect.JavaMethod.invoke(Ljava/lang/Object;[Ljava/lang/Object;)Ljava/lang/Object;+6
j  org.gradle.internal.service.ReflectionBasedServiceMethod.invoke(Ljava/lang/Object;[Ljava/lang/Object;)Ljava/lang/Object;+6
j  org.gradle.internal.service.DefaultServiceRegistry$FactoryMethodService.invokeMethod([Ljava/lang/Object;)Ljava/lang/Object;+9
j  org.gradle.internal.service.DefaultServiceRegistry$FactoryService.create()Ljava/lang/Object;+7
j  org.gradle.internal.service.DefaultServiceRegistry$ManagedObjectServiceProvider.getInstance()Ljava/lang/Object;+24
j  org.gradle.internal.service.DefaultServiceRegistry$SingletonService.get()Ljava/lang/Object;+1
j  org.gradle.internal.service.DefaultServiceRegistry$FactoryService.assembleParameters()[Ljava/lang/Object;+44
j  org.gradle.internal.service.DefaultServiceRegistry$FactoryService.create()Ljava/lang/Object;+1
j  org.gradle.internal.service.DefaultServiceRegistry$ManagedObjectServiceProvider.getInstance()Ljava/lang/Object;+24
j  org.gradle.internal.service.DefaultServiceRegistry$SingletonService.get()Ljava/lang/Object;+1
j  org.gradle.internal.service.DefaultServiceRegistry$FactoryService.assembleParameters()[Ljava/lang/Object;+44
j  org.gradle.internal.service.DefaultServiceRegistry$FactoryService.create()Ljava/lang/Object;+1
j  org.gradle.internal.service.DefaultServiceRegistry$ManagedObjectServiceProvider.getInstance()Ljava/lang/Object;+24
j  org.gradle.internal.service.DefaultServiceRegistry$SingletonService.get()Ljava/lang/Object;+1
j  org.gradle.internal.service.DefaultServiceRegistry$FactoryService.assembleParameters()[Ljava/lang/Object;+44
j  org.gradle.internal.service.DefaultServiceRegistry$FactoryService.create()Ljava/lang/Object;+1
j  org.gradle.internal.service.DefaultServiceRegistry$ManagedObjectServiceProvider.getInstance()Ljava/lang/Object;+24
j  org.gradle.internal.service.DefaultServiceRegistry$SingletonService.get()Ljava/lang/Object;+1
j  org.gradle.internal.service.DefaultServiceRegistry$FactoryService.assembleParameters()[Ljava/lang/Object;+44
j  org.gradle.internal.service.DefaultServiceRegistry$FactoryService.create()Ljava/lang/Object;+1
j  org.gradle.internal.service.DefaultServiceRegistry$ManagedObjectServiceProvider.getInstance()Ljava/lang/Object;+24
j  org.gradle.internal.service.DefaultServiceRegistry$SingletonService.get()Ljava/lang/Object;+1
j  org.gradle.internal.service.DefaultServiceRegistry$FactoryService.assembleParameters()[Ljava/lang/Object;+44
j  org.gradle.internal.service.DefaultServiceRegistry$FactoryService.create()Ljava/lang/Object;+1
j  org.gradle.internal.service.DefaultServiceRegistry$ManagedObjectServiceProvider.getInstance()Ljava/lang/Object;+24
j  org.gradle.internal.service.DefaultServiceRegistry$SingletonService.get()Ljava/lang/Object;+1
j  org.gradle.internal.service.DefaultServiceRegistry$FactoryService.assembleParameters()[Ljava/lang/Object;+44
j  org.gradle.internal.service.DefaultServiceRegistry$FactoryService.create()Ljava/lang/Object;+1
j  org.gradle.internal.service.DefaultServiceRegistry$ManagedObjectServiceProvider.getInstance()Ljava/lang/Object;+24
j  org.gradle.internal.service.DefaultServiceRegistry$SingletonService.get()Ljava/lang/Object;+1
j  org.gradle.internal.service.DefaultServiceRegistry.get(Ljava/lang/reflect/Type;)Ljava/lang/Object;+22
j  org.gradle.internal.service.DefaultServiceRegistry.get(Ljava/lang/Class;)Ljava/lang/Object;+3
j  org.gradle.internal.service.scopes.BuildScopeServices.defaultScriptPluginFactory()Lorg/gradle/configuration/DefaultScriptPluginFactory;+8
j  org.gradle.internal.service.scopes.BuildScopeServices.createScriptPluginFactory(Lorg/gradle/api/internal/InstantiatorFactory;Lorg/gradle/internal/operations/BuildOperationExecutor;)Lorg/gradle/configuration/ScriptPluginFactory;+1
v  ~StubRoutines::call_stub
j  sun.reflect.NativeMethodAccessorImpl.invoke0(Ljava/lang/reflect/Method;Ljava/lang/Object;[Ljava/lang/Object;)Ljava/lang/Object;+0
j  sun.reflect.NativeMethodAccessorImpl.invoke(Ljava/lang/Object;[Ljava/lang/Object;)Ljava/lang/Object;+100
J 1012 C1 sun.reflect.DelegatingMethodAccessorImpl.invoke(Ljava/lang/Object;[Ljava/lang/Object;)Ljava/lang/Object; (10 bytes) @ 0x000000000394e184 [0x000000000394e080+0x104]
J 1011 C1 java.lang.reflect.Method.invoke(Ljava/lang/Object;[Ljava/lang/Object;)Ljava/lang/Object; (62 bytes) @ 0x000000000394e92c [0x000000000394e540+0x3ec]
j  org.gradle.internal.reflect.JavaMethod.invoke(Ljava/lang/Object;[Ljava/lang/Object;)Ljava/lang/Object;+6
j  org.gradle.internal.service.ReflectionBasedServiceMethod.invoke(Ljava/lang/Object;[Ljava/lang/Object;)Ljava/lang/Object;+6
j  org.gradle.internal.service.DefaultServiceRegistry$FactoryMethodService.invokeMethod([Ljava/lang/Object;)Ljava/lang/Object;+9
j  org.gradle.internal.service.DefaultServiceRegistry$FactoryService.create()Ljava/lang/Object;+7
j  org.gradle.internal.service.DefaultServiceRegistry$ManagedObjectServiceProvider.getInstance()Ljava/lang/Object;+24
j  org.gradle.internal.service.DefaultServiceRegistry$SingletonService.get()Ljava/lang/Object;+1
j  org.gradle.internal.service.DefaultServiceRegistry$FactoryService.assembleParameters()[Ljava/lang/Object;+44
j  org.gradle.internal.service.DefaultServiceRegistry$FactoryService.create()Ljava/lang/Object;+1
j  org.gradle.internal.service.DefaultServiceRegistry$ManagedObjectServiceProvider.getInstance()Ljava/lang/Object;+24
j  org.gradle.internal.service.DefaultServiceRegistry$SingletonService.get()Ljava/lang/Object;+1
j  org.gradle.internal.service.DefaultServiceRegistry$FactoryService.assembleParameters()[Ljava/lang/Object;+44
j  org.gradle.internal.service.DefaultServiceRegistry$FactoryService.create()Ljava/lang/Object;+1
j  org.gradle.internal.service.DefaultServiceRegistry$ManagedObjectServiceProvider.getInstance()Ljava/lang/Object;+24
j  org.gradle.internal.service.DefaultServiceRegistry$SingletonService.get()Ljava/lang/Object;+1
j  org.gradle.internal.service.DefaultServiceRegistry.get(Ljava/lang/reflect/Type;)Ljava/lang/Object;+22
j  org.gradle.internal.service.DefaultServiceRegistry.get(Ljava/lang/Class;)Ljava/lang/Object;+3
j  org.gradle.initialization.DefaultGradleLauncherFactory.doNewInstance(Lorg/gradle/api/internal/BuildDefinition;Lorg/gradle/initialization/GradleLauncher;Lorg/gradle/initialization/BuildCancellationToken;Lorg/gradle/initialization/BuildRequestMetaData;Lorg/gradle/initialization/BuildEventConsumer;Lorg/gradle/internal/service/scopes/BuildTreeScopeServices;Ljava/util/List;)Lorg/gradle/initialization/DefaultGradleLauncher;+398
j  org.gradle.initialization.DefaultGradleLauncherFactory.newInstance(Lorg/gradle/StartParameter;Lorg/gradle/initialization/BuildRequestContext;Lorg/gradle/internal/service/ServiceRegistry;)Lorg/gradle/initialization/GradleLauncher;+76
j  org.gradle.launcher.exec.InProcessBuildActionExecuter.execute(Lorg/gradle/internal/invocation/BuildAction;Lorg/gradle/initialization/BuildRequestContext;Lorg/gradle/launcher/exec/BuildActionParameters;Lorg/gradle/internal/service/ServiceRegistry;)Ljava/lang/Object;+13
j  org.gradle.launcher.exec.InProcessBuildActionExecuter.execute(Lorg/gradle/internal/invocation/BuildAction;Lorg/gradle/initialization/BuildRequestContext;Ljava/lang/Object;Lorg/gradle/internal/service/ServiceRegistry;)Ljava/lang/Object;+9
j  org.gradle.launcher.exec.BuildTreeScopeBuildActionExecuter.execute(Lorg/gradle/internal/invocation/BuildAction;Lorg/gradle/initialization/BuildRequestContext;Lorg/gradle/launcher/exec/BuildActionParameters;Lorg/gradle/internal/service/ServiceRegistry;)Ljava/lang/Object;+38
j  org.gradle.launcher.exec.BuildTreeScopeBuildActionExecuter.execute(Lorg/gradle/internal/invocation/BuildAction;Lorg/gradle/initialization/BuildRequestContext;Ljava/lang/Object;Lorg/gradle/internal/service/ServiceRegistry;)Ljava/lang/Object;+9
j  org.gradle.tooling.internal.provider.ContinuousBuildActionExecuter.execute(Lorg/gradle/internal/invocation/BuildAction;Lorg/gradle/initialization/BuildRequestContext;Lorg/gradle/launcher/exec/BuildActionParameters;Lorg/gradle/internal/service/ServiceRegistry;)Ljava/lang/Object;+63
j  org.gradle.tooling.internal.provider.ContinuousBuildActionExecuter.execute(Lorg/gradle/internal/invocation/BuildAction;Lorg/gradle/initialization/BuildRequestContext;Ljava/lang/Object;Lorg/gradle/internal/service/ServiceRegistry;)Ljava/lang/Object;+9
j  org.gradle.tooling.internal.provider.ServicesSetupBuildActionExecuter.execute(Lorg/gradle/internal/invocation/BuildAction;Lorg/gradle/initialization/BuildRequestContext;Lorg/gradle/launcher/exec/BuildActionParameters;Lorg/gradle/internal/service/ServiceRegistry;)Ljava/lang/Object;+86
j  org.gradle.tooling.internal.provider.ServicesSetupBuildActionExecuter.execute(Lorg/gradle/internal/invocation/BuildAction;Lorg/gradle/initialization/BuildRequestContext;Ljava/lang/Object;Lorg/gradle/internal/service/ServiceRegistry;)Ljava/lang/Object;+9
j  org.gradle.tooling.internal.provider.GradleThreadBuildActionExecuter.execute(Lorg/gradle/internal/invocation/BuildAction;Lorg/gradle/initialization/BuildRequestContext;Lorg/gradle/launcher/exec/BuildActionParameters;Lorg/gradle/internal/service/ServiceRegistry;)Ljava/lang/Object;+12
j  org.gradle.tooling.internal.provider.GradleThreadBuildActionExecuter.execute(Lorg/gradle/internal/invocation/BuildAction;Lorg/gradle/initialization/BuildRequestContext;Ljava/lang/Object;Lorg/gradle/internal/service/ServiceRegistry;)Ljava/lang/Object;+9
j  org.gradle.tooling.internal.provider.ParallelismConfigurationBuildActionExecuter.execute(Lorg/gradle/internal/invocation/BuildAction;Lorg/gradle/initialization/BuildRequestContext;Lorg/gradle/launcher/exec/BuildActionParameters;Lorg/gradle/internal/service/ServiceRegistry;)Ljava/lang/Object;+43
j  org.gradle.tooling.internal.provider.ParallelismConfigurationBuildActionExecuter.execute(Lorg/gradle/internal/invocation/BuildAction;Lorg/gradle/initialization/BuildRequestContext;Ljava/lang/Object;Lorg/gradle/internal/service/ServiceRegistry;)Ljava/lang/Object;+9
j  org.gradle.tooling.internal.provider.StartParamsValidatingActionExecuter.execute(Lorg/gradle/internal/invocation/BuildAction;Lorg/gradle/initialization/BuildRequestContext;Lorg/gradle/launcher/exec/BuildActionParameters;Lorg/gradle/internal/service/ServiceRegistry;)Ljava/lang/Object;+257
j  org.gradle.tooling.internal.provider.StartParamsValidatingActionExecuter.execute(Lorg/gradle/internal/invocation/BuildAction;Lorg/gradle/initialization/BuildRequestContext;Ljava/lang/Object;Lorg/gradle/internal/service/ServiceRegistry;)Ljava/lang/Object;+9
j  org.gradle.tooling.internal.provider.SessionFailureReportingActionExecuter.execute(Lorg/gradle/internal/invocation/BuildAction;Lorg/gradle/initialization/BuildRequestContext;Lorg/gradle/launcher/exec/BuildActionParameters;Lorg/gradle/internal/service/ServiceRegistry;)Ljava/lang/Object;+9
j  org.gradle.tooling.internal.provider.SessionFailureReportingActionExecuter.execute(Lorg/gradle/internal/invocation/BuildAction;Lorg/gradle/initialization/BuildRequestContext;Ljava/lang/Object;Lorg/gradle/internal/service/ServiceRegistry;)Ljava/lang/Object;+9
j  org.gradle.tooling.internal.provider.SetupLoggingActionExecuter.execute(Lorg/gradle/internal/invocation/BuildAction;Lorg/gradle/initialization/BuildRequestContext;Lorg/gradle/launcher/exec/BuildActionParameters;Lorg/gradle/internal/service/ServiceRegistry;)Ljava/lang/Object;+42
j  org.gradle.tooling.internal.provider.SetupLoggingActionExecuter.execute(Lorg/gradle/internal/invocation/BuildAction;Lorg/gradle/initialization/BuildRequestContext;Ljava/lang/Object;Lorg/gradle/internal/service/ServiceRegistry;)Ljava/lang/Object;+9
j  org.gradle.launcher.daemon.server.exec.ExecuteBuild.doBuild(Lorg/gradle/launcher/daemon/server/api/DaemonCommandExecution;Lorg/gradle/launcher/daemon/protocol/Build;)V+114
j  org.gradle.launcher.daemon.server.exec.BuildCommandOnly.execute(Lorg/gradle/launcher/daemon/server/api/DaemonCommandExecution;)V+49
j  org.gradle.launcher.daemon.server.api.DaemonCommandExecution.proceed()Z+28
j  org.gradle.launcher.daemon.server.exec.WatchForDisconnection.execute(Lorg/gradle/launcher/daemon/server/api/DaemonCommandExecution;)V+19
j  org.gradle.launcher.daemon.server.api.DaemonCommandExecution.proceed()Z+28
j  org.gradle.launcher.daemon.server.exec.ResetDeprecationLogger.execute(Lorg/gradle/launcher/daemon/server/api/DaemonCommandExecution;)V+4
j  org.gradle.launcher.daemon.server.api.DaemonCommandExecution.proceed()Z+28
j  org.gradle.launcher.daemon.server.exec.RequestStopIfSingleUsedDaemon.execute(Lorg/gradle/launcher/daemon/server/api/DaemonCommandExecution;)V+33
j  org.gradle.launcher.daemon.server.api.DaemonCommandExecution.proceed()Z+28
j  org.gradle.launcher.daemon.server.exec.ForwardClientInput$2.call()Ljava/lang/Void;+4
j  org.gradle.launcher.daemon.server.exec.ForwardClientInput$2.call()Ljava/lang/Object;+1
j  org.gradle.util.Swapper.swap(Ljava/lang/Object;Ljava/util/concurrent/Callable;)Ljava/lang/Object;+21
j  org.gradle.launcher.daemon.server.exec.ForwardClientInput.execute(Lorg/gradle/launcher/daemon/server/api/DaemonCommandExecution;)V+63
j  org.gradle.launcher.daemon.server.api.DaemonCommandExecution.proceed()Z+28
j  org.gradle.launcher.daemon.server.exec.LogAndCheckHealth.execute(Lorg/gradle/launcher/daemon/server/api/DaemonCommandExecution;)V+28
j  org.gradle.launcher.daemon.server.api.DaemonCommandExecution.proceed()Z+28
j  org.gradle.launcher.daemon.server.exec.LogToClient.doBuild(Lorg/gradle/launcher/daemon/server/api/DaemonCommandExecution;Lorg/gradle/launcher/daemon/protocol/Build;)V+87
j  org.gradle.launcher.daemon.server.exec.BuildCommandOnly.execute(Lorg/gradle/launcher/daemon/server/api/DaemonCommandExecution;)V+49
j  org.gradle.launcher.daemon.server.api.DaemonCommandExecution.proceed()Z+28
j  org.gradle.launcher.daemon.server.exec.EstablishBuildEnvironment.doBuild(Lorg/gradle/launcher/daemon/server/api/DaemonCommandExecution;Lorg/gradle/launcher/daemon/protocol/Build;)V+365
j  org.gradle.launcher.daemon.server.exec.BuildCommandOnly.execute(Lorg/gradle/launcher/daemon/server/api/DaemonCommandExecution;)V+49
j  org.gradle.launcher.daemon.server.api.DaemonCommandExecution.proceed()Z+28
j  org.gradle.launcher.daemon.server.exec.StartBuildOrRespondWithBusy$1.run()V+44
j  org.gradle.launcher.daemon.server.DaemonStateCoordinator$1.run()V+4
j  org.gradle.internal.concurrent.ExecutorPolicy$CatchAndRecordFailures.onExecute(Ljava/lang/Runnable;)V+1
j  org.gradle.internal.concurrent.ManagedExecutorImpl$1.run()V+25
j  java.util.concurrent.ThreadPoolExecutor.runWorker(Ljava/util/concurrent/ThreadPoolExecutor$Worker;)V+95
j  java.util.concurrent.ThreadPoolExecutor$Worker.run()V+5
j  org.gradle.internal.concurrent.ThreadFactoryImpl$ManagedThreadRunnable.run()V+7
j  java.lang.Thread.run()V+11
v  ~StubRoutines::call_stub

---------------  P R O C E S S  ---------------

Java Threads: ( => current thread )
  0x0000000019397800 JavaThread "Stdin handler" [_thread_blocked, id=7408, stack(0x000000001b120000,0x000000001b220000)]
  0x0000000019394000 JavaThread "Asynchronous log dispatcher for DefaultDaemonConnection: socket connection from /127.0.0.1:57211 to /127.0.0.1:57212" [_thread_blocked, id=1416, stack(0x000000001b020000,0x000000001b120000)]
=>0x00000000184c0000 JavaThread "Daemon worker" [_thread_in_vm, id=10244, stack(0x000000001af20000,0x000000001b020000)]
  0x00000000184bd800 JavaThread "Cancel handler" [_thread_blocked, id=13368, stack(0x000000001ae20000,0x000000001af20000)]
  0x00000000183fc000 JavaThread "Handler for socket connection from /127.0.0.1:57211 to /127.0.0.1:57212" [_thread_in_native, id=9236, stack(0x000000001ab20000,0x000000001ac20000)]
  0x0000000019c82800 JavaThread "Daemon" [_thread_blocked, id=11528, stack(0x000000001aa20000,0x000000001ab20000)]
  0x0000000019c86000 JavaThread "Daemon periodic checks" [_thread_blocked, id=11080, stack(0x000000001a920000,0x000000001aa20000)]
  0x00000000183b0000 JavaThread "Incoming local TCP Connector on port 57211" [_thread_in_native, id=11580, stack(0x000000001a740000,0x000000001a840000)]
  0x00000000182cb000 JavaThread "Service Thread" daemon [_thread_blocked, id=15592, stack(0x0000000018b70000,0x0000000018c70000)]
  0x0000000016f5e800 JavaThread "C1 CompilerThread2" daemon [_thread_blocked, id=8392, stack(0x0000000018a70000,0x0000000018b70000)]
  0x0000000016f5d000 JavaThread "C2 CompilerThread1" daemon [_thread_in_native, id=10756, stack(0x0000000018970000,0x0000000018a70000)]
  0x0000000016f0e800 JavaThread "C2 CompilerThread0" daemon [_thread_blocked, id=20784, stack(0x0000000018870000,0x0000000018970000)]
  0x0000000016f59800 JavaThread "Attach Listener" daemon [_thread_blocked, id=10176, stack(0x0000000018770000,0x0000000018870000)]
  0x0000000018278800 JavaThread "Signal Dispatcher" daemon [_thread_blocked, id=19792, stack(0x0000000018670000,0x0000000018770000)]
  0x0000000016ee8800 JavaThread "Finalizer" daemon [_thread_blocked, id=17712, stack(0x0000000018170000,0x0000000018270000)]
  0x0000000003582000 JavaThread "Reference Handler" daemon [_thread_blocked, id=18756, stack(0x0000000018070000,0x0000000018170000)]
  0x000000000348e000 JavaThread "main" [_thread_blocked, id=7428, stack(0x00000000032f0000,0x00000000033f0000)]

Other Threads:
  0x0000000016ec5800 VMThread [stack: 0x0000000017f70000,0x0000000018070000] [id=11420]
  0x00000000182cc800 WatcherThread [stack: 0x0000000018c70000,0x0000000018d70000] [id=16956]

VM state:not at safepoint (normal execution)

VM Mutex/Monitor currently owned by a thread: None

Heap:
 PSYoungGen      total 18944K, used 18616K [0x00000000e0000000, 0x00000000e1500000, 0x0000000100000000)
  eden space 16384K, 98% used [0x00000000e0000000,0x00000000e0fafd28,0x00000000e1000000)
  from space 2560K, 99% used [0x00000000e1000000,0x00000000e127e640,0x00000000e1280000)
  to   space 2560K, 0% used [0x00000000e1280000,0x00000000e1280000,0x00000000e1500000)
 ParOldGen       total 44032K, used 6006K [0x00000000a0000000, 0x00000000a2b00000, 0x00000000e0000000)
  object space 44032K, 13% used [0x00000000a0000000,0x00000000a05ddb40,0x00000000a2b00000)
 Metaspace       used 14183K, capacity 14568K, committed 14720K, reserved 1062912K
  class space    used 1976K, capacity 2096K, committed 2176K, reserved 1048576K

Card table byte_map: [0x0000000012950000,0x0000000012c60000] byte_map_base: 0x0000000012450000

Marking Bits: (ParMarkBitMap*) 0x0000000065ef4970
 Begin Bits: [0x0000000013260000, 0x0000000014a60000)
 End Bits:   [0x0000000014a60000, 0x0000000016260000)

Polling page: 0x0000000001510000

CodeCache: size=245760Kb used=4752Kb max_used=4752Kb free=241007Kb
 bounds [0x0000000003590000, 0x0000000003a40000, 0x0000000012590000]
 total_blobs=1702 nmethods=1333 adapters=283
 compilation: enabled

Compilation events (10 events):
Event: 14.102 Thread 0x0000000016f0e800 nmethod 1353 0x0000000003a35250 code [0x0000000003a353e0, 0x0000000003a355d8]
Event: 14.144 Thread 0x0000000016f5e800 1354       3       org.gradle.internal.service.DefaultServiceRegistry$OwnServices::getProviders (26 bytes)
Event: 14.144 Thread 0x0000000016f5e800 nmethod 1354 0x0000000003a342d0 code [0x0000000003a34460, 0x0000000003a34828]
Event: 14.144 Thread 0x0000000016f5e800 1355       3       java.util.Collections::emptyList (4 bytes)
Event: 14.144 Thread 0x0000000016f5e800 nmethod 1355 0x0000000003a33fd0 code [0x0000000003a34120, 0x0000000003a34250]
Event: 14.145 Thread 0x0000000016f5e800 1356       3       org.gradle.internal.service.DefaultServiceRegistry::find (151 bytes)
Event: 14.149 Thread 0x0000000016f5e800 nmethod 1356 0x0000000003a357d0 code [0x0000000003a35b20, 0x0000000003a376f8]
Event: 14.150 Thread 0x0000000016f5e800 1357       3       sun.reflect.ReflectionFactory::inflationThreshold (4 bytes)
Event: 14.150 Thread 0x0000000016f5e800 nmethod 1357 0x0000000003a33cd0 code [0x0000000003a33e20, 0x0000000003a33f50]
Event: 14.154 Thread 0x0000000016f5d000 1358       4       java.net.URLClassLoader$1::run (5 bytes)

GC Heap History (10 events):
Event: 3.236 GC heap before
{Heap before GC invocations=1 (full 0):
 PSYoungGen      total 18944K, used 16384K [0x00000000e0000000, 0x00000000e1500000, 0x0000000100000000)
  eden space 16384K, 100% used [0x00000000e0000000,0x00000000e1000000,0x00000000e1000000)
  from space 2560K, 0% used [0x00000000e1280000,0x00000000e1280000,0x00000000e1500000)
  to   space 2560K, 0% used [0x00000000e1000000,0x00000000e1000000,0x00000000e1280000)
 ParOldGen       total 44032K, used 0K [0x00000000a0000000, 0x00000000a2b00000, 0x00000000e0000000)
  object space 44032K, 0% used [0x00000000a0000000,0x00000000a0000000,0x00000000a2b00000)
 Metaspace       used 6137K, capacity 6330K, committed 6528K, reserved 1056768K
  class space    used 750K, capacity 815K, committed 896K, reserved 1048576K
Event: 3.251 GC heap after
Heap after GC invocations=1 (full 0):
 PSYoungGen      total 18944K, used 2548K [0x00000000e0000000, 0x00000000e1500000, 0x0000000100000000)
  eden space 16384K, 0% used [0x00000000e0000000,0x00000000e0000000,0x00000000e1000000)
  from space 2560K, 99% used [0x00000000e1000000,0x00000000e127d080,0x00000000e1280000)
  to   space 2560K, 0% used [0x00000000e1280000,0x00000000e1280000,0x00000000e1500000)
 ParOldGen       total 44032K, used 588K [0x00000000a0000000, 0x00000000a2b00000, 0x00000000e0000000)
  object space 44032K, 1% used [0x00000000a0000000,0x00000000a0093060,0x00000000a2b00000)
 Metaspace       used 6137K, capacity 6330K, committed 6528K, reserved 1056768K
  class space    used 750K, capacity 815K, committed 896K, reserved 1048576K
}
Event: 4.570 GC heap before
{Heap before GC invocations=2 (full 0):
 PSYoungGen      total 18944K, used 18932K [0x00000000e0000000, 0x00000000e1500000, 0x0000000100000000)
  eden space 16384K, 100% used [0x00000000e0000000,0x00000000e1000000,0x00000000e1000000)
  from space 2560K, 99% used [0x00000000e1000000,0x00000000e127d080,0x00000000e1280000)
  to   space 2560K, 0% used [0x00000000e1280000,0x00000000e1280000,0x00000000e1500000)
 ParOldGen       total 44032K, used 588K [0x00000000a0000000, 0x00000000a2b00000, 0x00000000e0000000)
  object space 44032K, 1% used [0x00000000a0000000,0x00000000a0093060,0x00000000a2b00000)
 Metaspace       used 7026K, capacity 7194K, committed 7424K, reserved 1056768K
  class space    used 850K, capacity 911K, committed 1024K, reserved 1048576K
Event: 4.586 GC heap after
Heap after GC invocations=2 (full 0):
 PSYoungGen      total 18944K, used 2553K [0x00000000e0000000, 0x00000000e1500000, 0x0000000100000000)
  eden space 16384K, 0% used [0x00000000e0000000,0x00000000e0000000,0x00000000e1000000)
  from space 2560K, 99% used [0x00000000e1280000,0x00000000e14fe620,0x00000000e1500000)
  to   space 2560K, 0% used [0x00000000e1000000,0x00000000e1000000,0x00000000e1280000)
 ParOldGen       total 44032K, used 1144K [0x00000000a0000000, 0x00000000a2b00000, 0x00000000e0000000)
  object space 44032K, 2% used [0x00000000a0000000,0x00000000a011e3e8,0x00000000a2b00000)
 Metaspace       used 7026K, capacity 7194K, committed 7424K, reserved 1056768K
  class space    used 850K, capacity 911K, committed 1024K, reserved 1048576K
}
Event: 5.469 GC heap before
{Heap before GC invocations=3 (full 0):
 PSYoungGen      total 18944K, used 18937K [0x00000000e0000000, 0x00000000e1500000, 0x0000000100000000)
  eden space 16384K, 100% used [0x00000000e0000000,0x00000000e1000000,0x00000000e1000000)
  from space 2560K, 99% used [0x00000000e1280000,0x00000000e14fe620,0x00000000e1500000)
  to   space 2560K, 0% used [0x00000000e1000000,0x00000000e1000000,0x00000000e1280000)
 ParOldGen       total 44032K, used 1144K [0x00000000a0000000, 0x00000000a2b00000, 0x00000000e0000000)
  object space 44032K, 2% used [0x00000000a0000000,0x00000000a011e3e8,0x00000000a2b00000)
 Metaspace       used 7302K, capacity 7508K, committed 7680K, reserved 1056768K
  class space    used 903K, capacity 952K, committed 1024K, reserved 1048576K
Event: 5.477 GC heap after
Heap after GC invocations=3 (full 0):
 PSYoungGen      total 18944K, used 2537K [0x00000000e0000000, 0x00000000e1500000, 0x0000000100000000)
  eden space 16384K, 0% used [0x00000000e0000000,0x00000000e0000000,0x00000000e1000000)
  from space 2560K, 99% used [0x00000000e1000000,0x00000000e127a650,0x00000000e1280000)
  to   space 2560K, 0% used [0x00000000e1280000,0x00000000e1280000,0x00000000e1500000)
 ParOldGen       total 44032K, used 1757K [0x00000000a0000000, 0x00000000a2b00000, 0x00000000e0000000)
  object space 44032K, 3% used [0x00000000a0000000,0x00000000a01b75f8,0x00000000a2b00000)
 Metaspace       used 7302K, capacity 7508K, committed 7680K, reserved 1056768K
  class space    used 903K, capacity 952K, committed 1024K, reserved 1048576K
}
Event: 12.237 GC heap before
{Heap before GC invocations=4 (full 0):
 PSYoungGen      total 18944K, used 18921K [0x00000000e0000000, 0x00000000e1500000, 0x0000000100000000)
  eden space 16384K, 100% used [0x00000000e0000000,0x00000000e1000000,0x00000000e1000000)
  from space 2560K, 99% used [0x00000000e1000000,0x00000000e127a650,0x00000000e1280000)
  to   space 2560K, 0% used [0x00000000e1280000,0x00000000e1280000,0x00000000e1500000)
 ParOldGen       total 44032K, used 1757K [0x00000000a0000000, 0x00000000a2b00000, 0x00000000e0000000)
  object space 44032K, 3% used [0x00000000a0000000,0x00000000a01b75f8,0x00000000a2b00000)
 Metaspace       used 10881K, capacity 11156K, committed 11264K, reserved 1058816K
  class space    used 1416K, capacity 1522K, committed 1536K, reserved 1048576K
Event: 12.254 GC heap after
Heap after GC invocations=4 (full 0):
 PSYoungGen      total 18944K, used 2553K [0x00000000e0000000, 0x00000000e1500000, 0x0000000100000000)
  eden space 16384K, 0% used [0x00000000e0000000,0x00000000e0000000,0x00000000e1000000)
  from space 2560K, 99% used [0x00000000e1280000,0x00000000e14fe640,0x00000000e1500000)
  to   space 2560K, 0% used [0x00000000e1000000,0x00000000e1000000,0x00000000e1280000)
 ParOldGen       total 44032K, used 4038K [0x00000000a0000000, 0x00000000a2b00000, 0x00000000e0000000)
  object space 44032K, 9% used [0x00000000a0000000,0x00000000a03f1808,0x00000000a2b00000)
 Metaspace       used 10881K, capacity 11156K, committed 11264K, reserved 1058816K
  class space    used 1416K, capacity 1522K, committed 1536K, reserved 1048576K
}
Event: 13.522 GC heap before
{Heap before GC invocations=5 (full 0):
 PSYoungGen      total 18944K, used 18937K [0x00000000e0000000, 0x00000000e1500000, 0x0000000100000000)
  eden space 16384K, 100% used [0x00000000e0000000,0x00000000e1000000,0x00000000e1000000)
  from space 2560K, 99% used [0x00000000e1280000,0x00000000e14fe640,0x00000000e1500000)
  to   space 2560K, 0% used [0x00000000e1000000,0x00000000e1000000,0x00000000e1280000)
 ParOldGen       total 44032K, used 4038K [0x00000000a0000000, 0x00000000a2b00000, 0x00000000e0000000)
  object space 44032K, 9% used [0x00000000a0000000,0x00000000a03f1808,0x00000000a2b00000)
 Metaspace       used 12867K, capacity 13284K, committed 13440K, reserved 1060864K
  class space    used 1749K, capacity 1902K, committed 1920K, reserved 1048576K
Event: 13.533 GC heap after
Heap after GC invocations=5 (full 0):
 PSYoungGen      total 18944K, used 2553K [0x00000000e0000000, 0x00000000e1500000, 0x0000000100000000)
  eden space 16384K, 0% used [0x00000000e0000000,0x00000000e0000000,0x00000000e1000000)
  from space 2560K, 99% used [0x00000000e1000000,0x00000000e127e640,0x00000000e1280000)
  to   space 2560K, 0% used [0x00000000e1280000,0x00000000e1280000,0x00000000e1500000)
 ParOldGen       total 44032K, used 6006K [0x00000000a0000000, 0x00000000a2b00000, 0x00000000e0000000)
  object space 44032K, 13% used [0x00000000a0000000,0x00000000a05ddb40,0x00000000a2b00000)
 Metaspace       used 12867K, capacity 13284K, committed 13440K, reserved 1060864K
  class space    used 1749K, capacity 1902K, committed 1920K, reserved 1048576K
}

Deoptimization events (10 events):
Event: 6.374 Thread 0x000000000348e000 Uncommon trap: reason=bimorphic action=maybe_recompile pc=0x00000000038ccd28 method=java.util.HashMap.putVal(ILjava/lang/Object;Ljava/lang/Object;ZZ)Ljava/lang/Object; @ 203
Event: 8.067 Thread 0x000000000348e000 Uncommon trap: reason=unstable_if action=reinterpret pc=0x00000000038445d8 method=java.io.WinNTFileSystem.normalize(Ljava/lang/String;)Ljava/lang/String; @ 128
Event: 8.067 Thread 0x000000000348e000 Uncommon trap: reason=unstable_if action=reinterpret pc=0x00000000038b2874 method=java.io.WinNTFileSystem.normalize(Ljava/lang/String;II)Ljava/lang/String; @ 90
Event: 12.565 Thread 0x00000000183fc000 Uncommon trap: reason=unstable_if action=reinterpret pc=0x00000000039b10b0 method=java.util.concurrent.ConcurrentHashMap.putVal(Ljava/lang/Object;Ljava/lang/Object;Z)Ljava/lang/Object; @ 206
Event: 12.944 Thread 0x00000000184c0000 Uncommon trap: reason=bimorphic action=maybe_recompile pc=0x00000000038cc66c method=java.util.HashMap.putVal(ILjava/lang/Object;Ljava/lang/Object;ZZ)Ljava/lang/Object; @ 253
Event: 12.945 Thread 0x00000000184c0000 Uncommon trap: reason=bimorphic action=maybe_recompile pc=0x00000000038cc66c method=java.util.HashMap.putVal(ILjava/lang/Object;Ljava/lang/Object;ZZ)Ljava/lang/Object; @ 253
Event: 12.945 Thread 0x00000000184c0000 Uncommon trap: reason=bimorphic action=maybe_recompile pc=0x00000000038cc66c method=java.util.HashMap.putVal(ILjava/lang/Object;Ljava/lang/Object;ZZ)Ljava/lang/Object; @ 253
Event: 13.933 Thread 0x00000000184c0000 Uncommon trap: reason=class_check action=maybe_recompile pc=0x0000000003838ac4 method=java.util.regex.Matcher.match(II)Z @ 86
Event: 13.934 Thread 0x00000000184c0000 Uncommon trap: reason=class_check action=maybe_recompile pc=0x0000000003838ac4 method=java.util.regex.Matcher.match(II)Z @ 86
Event: 14.166 Thread 0x00000000184c0000 Uncommon trap: reason=class_check action=maybe_recompile pc=0x000000000381145c method=java.util.regex.Matcher.match(II)Z @ 86

Classes redefined (0 events):
No events

Internal exceptions (10 events):
Event: 12.659 Thread 0x00000000183fc000 Exception <a 'java/lang/NoSuchMethodError': <clinit>> (0x00000000e035f080) thrown at [D:\src\AOSP-openjdk-cygwin\jdk8u\hotspot\src\share\vm\prims\jni.cpp, line 1613]
Event: 12.664 Thread 0x00000000183fc000 Exception <a 'java/lang/NoSuchMethodError': <clinit>> (0x00000000e03706f0) thrown at [D:\src\AOSP-openjdk-cygwin\jdk8u\hotspot\src\share\vm\prims\jni.cpp, line 1613]
Event: 12.733 Thread 0x00000000183fc000 Exception <a 'java/lang/NoSuchMethodError': <clinit>> (0x00000000e03e66f8) thrown at [D:\src\AOSP-openjdk-cygwin\jdk8u\hotspot\src\share\vm\prims\jni.cpp, line 1613]
Event: 12.744 Thread 0x00000000183fc000 Exception <a 'java/lang/NoSuchMethodError': <clinit>> (0x00000000e040b320) thrown at [D:\src\AOSP-openjdk-cygwin\jdk8u\hotspot\src\share\vm\prims\jni.cpp, line 1613]
Event: 12.766 Thread 0x00000000183fc000 Exception <a 'java/lang/NoSuchMethodError': <clinit>> (0x00000000e0437710) thrown at [D:\src\AOSP-openjdk-cygwin\jdk8u\hotspot\src\share\vm\prims\jni.cpp, line 1613]
Event: 12.768 Thread 0x00000000183fc000 Exception <a 'java/lang/NoSuchMethodError': <clinit>> (0x00000000e0442ab0) thrown at [D:\src\AOSP-openjdk-cygwin\jdk8u\hotspot\src\share\vm\prims\jni.cpp, line 1613]
Event: 12.775 Thread 0x00000000183fc000 Exception <a 'java/lang/NoSuchMethodError': <clinit>> (0x00000000e044e358) thrown at [D:\src\AOSP-openjdk-cygwin\jdk8u\hotspot\src\share\vm\prims\jni.cpp, line 1613]
Event: 12.783 Thread 0x00000000183fc000 Exception <a 'java/lang/NoSuchMethodError': <clinit>> (0x00000000e0471580) thrown at [D:\src\AOSP-openjdk-cygwin\jdk8u\hotspot\src\share\vm\prims\jni.cpp, line 1613]
Event: 12.881 Thread 0x00000000184c0000 Exception <a 'java/lang/NoSuchMethodError': <clinit>> (0x00000000e0502a30) thrown at [D:\src\AOSP-openjdk-cygwin\jdk8u\hotspot\src\share\vm\prims\jni.cpp, line 1613]
Event: 12.883 Thread 0x00000000184c0000 Exception <a 'java/lang/NoSuchMethodError': <clinit>> (0x00000000e050acb8) thrown at [D:\src\AOSP-openjdk-cygwin\jdk8u\hotspot\src\share\vm\prims\jni.cpp, line 1613]

Events (10 events):
Event: 14.332 loading class org/gradle/api/internal/changedetection/state/CachingFileHasher
Event: 14.332 loading class org/gradle/api/internal/changedetection/state/CachingFileHasher done
Event: 14.337 loading class org/gradle/internal/hash/DefaultFileHasher
Event: 14.337 loading class org/gradle/internal/hash/DefaultFileHasher done
Event: 14.339 loading class org/gradle/api/internal/changedetection/state/CachingFileHasher$FileInfoSerializer
Event: 14.339 loading class org/gradle/api/internal/changedetection/state/CachingFileHasher$FileInfoSerializer done
Event: 14.340 loading class org/gradle/cache/PersistentIndexedCacheParameters
Event: 14.340 loading class org/gradle/cache/PersistentIndexedCacheParameters done
Event: 14.341 loading class org/gradle/api/internal/changedetection/state/InMemoryCacheDecoratorFactory$InMemoryCacheDecorator
Event: 14.341 loading class org/gradle/api/internal/changedetection/state/InMemoryCacheDecoratorFactory$InMemoryCacheDecorator done


Dynamic libraries:
0x00007ff770540000 - 0x00007ff770571000 	C:\Program Files\Android\Android Studio\jre\bin\java.exe
0x00007ffca2870000 - 0x00007ffca2a51000 	C:\WINDOWS\SYSTEM32\ntdll.dll
0x00007ffca0a00000 - 0x00007ffca0ab2000 	C:\WINDOWS\System32\KERNEL32.DLL
0x00007ffc9f040000 - 0x00007ffc9f2b3000 	C:\WINDOWS\System32\KERNELBASE.dll
0x00007ffca2460000 - 0x00007ffca2501000 	C:\WINDOWS\System32\ADVAPI32.dll
0x00007ffc9fd70000 - 0x00007ffc9fe0e000 	C:\WINDOWS\System32\msvcrt.dll
0x00007ffc9fd00000 - 0x00007ffc9fd5b000 	C:\WINDOWS\System32\sechost.dll
0x00007ffca0050000 - 0x00007ffca0174000 	C:\WINDOWS\System32\RPCRT4.dll
0x00007ffca0870000 - 0x00007ffca0a00000 	C:\WINDOWS\System32\USER32.dll
0x00007ffc9f500000 - 0x00007ffc9f520000 	C:\WINDOWS\System32\win32u.dll
0x00007ffc9fe10000 - 0x00007ffc9fe38000 	C:\WINDOWS\System32\GDI32.dll
0x00007ffc9f2c0000 - 0x00007ffc9f452000 	C:\WINDOWS\System32\gdi32full.dll
0x00007ffc9f460000 - 0x00007ffc9f4ff000 	C:\WINDOWS\System32\msvcp_win.dll
0x00007ffc9ef40000 - 0x00007ffc9f03a000 	C:\WINDOWS\System32\ucrtbase.dll
0x00007ffc90c10000 - 0x00007ffc90e79000 	C:\WINDOWS\WinSxS\amd64_microsoft.windows.common-controls_6595b64144ccf1df_6.0.17134.345_none_fb429a5930656358\COMCTL32.dll
0x00007ffca2510000 - 0x00007ffca2833000 	C:\WINDOWS\System32\combase.dll
0x00007ffc9fc80000 - 0x00007ffc9fcfa000 	C:\WINDOWS\System32\bcryptPrimitives.dll
0x00007ffca06c0000 - 0x00007ffca06ed000 	C:\WINDOWS\System32\IMM32.DLL
0x0000000066750000 - 0x0000000066822000 	C:\Program Files\Android\Android Studio\jre\jre\bin\msvcr100.dll
0x0000000065730000 - 0x0000000065f6f000 	C:\Program Files\Android\Android Studio\jre\jre\bin\server\jvm.dll
0x00007ffc9fe40000 - 0x00007ffc9fe48000 	C:\WINDOWS\System32\PSAPI.DLL
0x00007ffc936a0000 - 0x00007ffc936a9000 	C:\WINDOWS\SYSTEM32\WSOCK32.dll
0x00007ffca0650000 - 0x00007ffca06bc000 	C:\WINDOWS\System32\WS2_32.dll
0x00007ffc94010000 - 0x00007ffc94033000 	C:\WINDOWS\SYSTEM32\WINMM.dll
0x00007ffc93690000 - 0x00007ffc9369a000 	C:\WINDOWS\SYSTEM32\VERSION.dll
0x00007ffc93fe0000 - 0x00007ffc9400a000 	C:\WINDOWS\SYSTEM32\WINMMBASE.dll
0x00007ffc9fc30000 - 0x00007ffc9fc79000 	C:\WINDOWS\System32\cfgmgr32.dll
0x00007ffc99b00000 - 0x00007ffc99b0f000 	C:\Program Files\Android\Android Studio\jre\jre\bin\verify.dll
0x00007ffc87850000 - 0x00007ffc87879000 	C:\Program Files\Android\Android Studio\jre\jre\bin\java.dll
0x00007ffc90ac0000 - 0x00007ffc90ad6000 	C:\Program Files\Android\Android Studio\jre\jre\bin\zip.dll
0x00007ffca0f40000 - 0x00007ffca237f000 	C:\WINDOWS\System32\SHELL32.dll
0x00007ffca0e90000 - 0x00007ffca0f39000 	C:\WINDOWS\System32\shcore.dll
0x00007ffc9f520000 - 0x00007ffc9fc2d000 	C:\WINDOWS\System32\windows.storage.dll
0x00007ffc9fe50000 - 0x00007ffc9fea1000 	C:\WINDOWS\System32\shlwapi.dll
0x00007ffc9ec20000 - 0x00007ffc9ec31000 	C:\WINDOWS\System32\kernel.appcore.dll
0x00007ffc9eb80000 - 0x00007ffc9eb9f000 	C:\WINDOWS\System32\profapi.dll
0x00007ffc9eba0000 - 0x00007ffc9ebec000 	C:\WINDOWS\System32\powrprof.dll
0x00007ffc9ebf0000 - 0x00007ffc9ebfa000 	C:\WINDOWS\System32\FLTLIB.DLL
0x00007ffc8d7b0000 - 0x00007ffc8d7ca000 	C:\Program Files\Android\Android Studio\jre\jre\bin\net.dll
0x00007ffc9e400000 - 0x00007ffc9e466000 	C:\WINDOWS\system32\mswsock.dll
0x00007ffc8ae00000 - 0x00007ffc8ae11000 	C:\Program Files\Android\Android Studio\jre\jre\bin\nio.dll
0x00007ffc8a930000 - 0x00007ffc8a94e000 	C:\Users\deg98\.gradle\native\25\windows-amd64\native-platform.dll
0x00007ffc9a310000 - 0x00007ffc9a31d000 	C:\Program Files\Android\Android Studio\jre\jre\bin\management.dll
0x00007ffc9e5b0000 - 0x00007ffc9e5c7000 	C:\WINDOWS\SYSTEM32\CRYPTSP.dll
0x00007ffc9dfe0000 - 0x00007ffc9e013000 	C:\WINDOWS\system32\rsaenh.dll
0x00007ffc9e6e0000 - 0x00007ffc9e705000 	C:\WINDOWS\SYSTEM32\bcrypt.dll
0x00007ffc9eab0000 - 0x00007ffc9ead8000 	C:\WINDOWS\SYSTEM32\USERENV.dll
0x00007ffc9e5d0000 - 0x00007ffc9e5db000 	C:\WINDOWS\SYSTEM32\CRYPTBASE.dll
0x00007ffc9e180000 - 0x00007ffc9e1b8000 	C:\WINDOWS\SYSTEM32\IPHLPAPI.DLL
0x00007ffca0c20000 - 0x00007ffca0c28000 	C:\WINDOWS\System32\NSI.dll
0x00007ffc98f60000 - 0x00007ffc98f76000 	C:\WINDOWS\SYSTEM32\dhcpcsvc6.DLL
0x00007ffc97ee0000 - 0x00007ffc97efa000 	C:\WINDOWS\SYSTEM32\dhcpcsvc.DLL

VM Arguments:
jvm_args: -Xmx1536m -Dfile.encoding=x-windows-949 -Duser.country=KR -Duser.language=ko -Duser.variant 
java_command: org.gradle.launcher.daemon.bootstrap.GradleDaemon 4.6
java_class_path (initial): C:\Users\deg98\.gradle\wrapper\dists\gradle-4.6-all\bcst21l2brirad8k2ben1letg\gradle-4.6\lib\gradle-launcher-4.6.jar
Launcher Type: SUN_STANDARD

Environment Variables:
PATH=C:\Program Files (x86)\Common Files\Oracle\Java\javapath;C:\oraclexe\app\oracle\product\11.2.0\server\bin;C:\ProgramData\Oracle\Java\javapath;C:\Program Files (x86)\Intel\iCLS Client\;C:\Program Files\Intel\iCLS Client\;C:\WINDOWS\system32;C:\WINDOWS;C:\WINDOWS\System32\Wbem;C:\WINDOWS\System32\WindowsPowerShell\v1.0\;C:\Program Files\Intel\Intel(R) Management Engine Components\DAL;C:\Program Files\Intel\Intel(R) Management Engine Components\IPT;C:\Program Files (x86)\Intel\Intel(R) Management Engine Components\DAL;C:\Program Files (x86)\Intel\Intel(R) Management Engine Components\IPT;c:\Program Files (x86)\Microsoft SQL Server\100\Tools\Binn\;c:\Program Files\Microsoft SQL Server\100\Tools\Binn\;c:\Program Files\Microsoft SQL Server\100\DTS\Binn\;C:\Program Files\Java\jdk1.8.0_161\bin;C:\WINDOWS\System32\OpenSSH\;C:\Program Files\Git\cmd;C:\Program Files\PuTTY\;C:\Users\deg98\AppData\Local\Microsoft\WindowsApps;
USERNAME=deg98
OS=Windows_NT
PROCESSOR_IDENTIFIER=Intel64 Family 6 Model 69 Stepping 1, GenuineIntel



---------------  S Y S T E M  ---------------

OS: Windows 10.0 , 64 bit Build 17134 (10.0.17134.1)

CPU:total 4 (initial active 4) (2 cores per cpu, 2 threads per core) family 6 model 69 stepping 1, cmov, cx8, fxsr, mmx, sse, sse2, sse3, ssse3, sse4.1, sse4.2, popcnt, avx, avx2, aes, clmul, erms, lzcnt, ht, tsc, tscinvbit, bmi1, bmi2

Memory: 4k page, physical 4107072k(507484k free), swap 9349136k(3448k free)

vm_info: OpenJDK 64-Bit Server VM (25.152-b02) for windows-amd64 JRE (1.8.0_152-release-1024-b02), built by "builder" with MS VC++ 10.0 (VS2010)

time: Tue Oct 16 01:10:39 2018
elapsed time: 14 seconds (0d 0h 0m 14s)

